[debug] [2022-04-11T19:53:40.822Z] ----------------------------------------------------------------------
[debug] [2022-04-11T19:53:40.824Z] Command:       C:\Program Files\nodejs\node.exe C:\Users\Erik\AppData\Roaming\npm\node_modules\firebase-tools\lib\bin\firebase.js functions:shell
[debug] [2022-04-11T19:53:40.824Z] CLI Version:   10.2.0
[debug] [2022-04-11T19:53:40.824Z] Platform:      win32
[debug] [2022-04-11T19:53:40.824Z] Node Version:  v16.13.2
[debug] [2022-04-11T19:53:40.825Z] Time:          Mon Apr 11 2022 21:53:40 GMT+0200 (Central European Summer Time)
[debug] [2022-04-11T19:53:40.826Z] ----------------------------------------------------------------------
[debug] 
[debug] [2022-04-11T19:53:40.829Z] >>> [apiv2][query] GET https://firebase-public.firebaseio.com/cli.json [none]
[debug] [2022-04-11T19:53:40.897Z] > command requires scopes: ["email","openid","https://www.googleapis.com/auth/cloudplatformprojects.readonly","https://www.googleapis.com/auth/firebase","https://www.googleapis.com/auth/cloud-platform"]
[debug] [2022-04-11T19:53:40.897Z] > authorizing via signed-in user (kires27@gmail.com)
[debug] [2022-04-11T19:53:40.897Z] [iam] checking project superchat-406c5 for permissions ["firebase.projects.get"]
[debug] [2022-04-11T19:53:40.898Z] > refreshing access token with scopes: []
[debug] [2022-04-11T19:53:40.899Z] >>> HTTP REQUEST POST https://www.googleapis.com/oauth2/v3/token  
 <request body omitted>
[debug] [2022-04-11T19:53:40.999Z] <<< HTTP RESPONSE 200 {"expires":"Mon, 01 Jan 1990 00:00:00 GMT","date":"Mon, 11 Apr 2022 19:53:40 GMT","cache-control":"no-cache, no-store, max-age=0, must-revalidate","pragma":"no-cache","content-type":"application/json; charset=utf-8","vary":"X-Origin, Referer, Origin,Accept-Encoding","server":"scaffolding on HTTPServer2","x-xss-protection":"0","x-frame-options":"SAMEORIGIN","x-content-type-options":"nosniff","alt-svc":"h3=\":443\"; ma=2592000,h3-29=\":443\"; ma=2592000,h3-Q050=\":443\"; ma=2592000,h3-Q046=\":443\"; ma=2592000,h3-Q043=\":443\"; ma=2592000,quic=\":443\"; ma=2592000; v=\"46,43\"","accept-ranges":"none","transfer-encoding":"chunked"}
[debug] [2022-04-11T19:53:41.006Z] >>> [apiv2][query] POST https://cloudresourcemanager.googleapis.com/v1/projects/superchat-406c5:testIamPermissions [none]
[debug] [2022-04-11T19:53:41.007Z] >>> [apiv2][body] POST https://cloudresourcemanager.googleapis.com/v1/projects/superchat-406c5:testIamPermissions {"permissions":["firebase.projects.get"]}
[debug] [2022-04-11T19:53:41.288Z] <<< [apiv2][status] GET https://firebase-public.firebaseio.com/cli.json 200
[debug] [2022-04-11T19:53:41.288Z] <<< [apiv2][body] GET https://firebase-public.firebaseio.com/cli.json {"cloudBuildErrorAfter":1594252800000,"cloudBuildWarnAfter":1590019200000,"defaultNode10After":1594252800000,"minVersion":"3.0.5","node8DeploysDisabledAfter":1613390400000,"node8RuntimeDisabledAfter":1615809600000,"node8WarnAfter":1600128000000}
[debug] [2022-04-11T19:53:41.810Z] <<< [apiv2][status] POST https://cloudresourcemanager.googleapis.com/v1/projects/superchat-406c5:testIamPermissions 200
[debug] [2022-04-11T19:53:41.810Z] <<< [apiv2][body] POST https://cloudresourcemanager.googleapis.com/v1/projects/superchat-406c5:testIamPermissions {"permissions":["firebase.projects.get"]}
[debug] [2022-04-11T19:53:41.827Z] [functions] Using node@16 from host.
[debug] [2022-04-11T19:53:41.828Z] defaultcredentials: writing to file C:\Users\Erik\AppData\Roaming\firebase\kires27_gmail_com_application_default_credentials.json
[debug] [2022-04-11T19:53:41.829Z] DEBUG: Setting GAC to C:\Users\Erik\AppData\Roaming\firebase\kires27_gmail_com_application_default_credentials.json
[debug] [2022-04-11T19:53:41.829Z] >>> [apiv2][query] GET https://firebase.googleapis.com/v1beta1/projects/superchat-406c5/adminSdkConfig [none]
[debug] [2022-04-11T19:53:42.090Z] <<< [apiv2][status] GET https://firebase.googleapis.com/v1beta1/projects/superchat-406c5/adminSdkConfig 200
[debug] [2022-04-11T19:53:42.090Z] <<< [apiv2][body] GET https://firebase.googleapis.com/v1beta1/projects/superchat-406c5/adminSdkConfig {"projectId":"superchat-406c5","databaseURL":"https://superchat-406c5-default-rtdb.europe-west1.firebasedatabase.app","storageBucket":"superchat-406c5.appspot.com","locationId":"europe-central2"}
[debug] [2022-04-11T19:53:42.099Z] [functions] Watching "P:\JavaScript\React\spacechat\functions" for Cloud Functions...
[debug] [2022-04-11T19:53:42.103Z] Validating nodejs source
[warn] !  functions: package.json indicates an outdated version of firebase-functions.
Please upgrade using npm install --save firebase-functions@latest in your functions directory. 
[debug] [2022-04-11T19:53:45.586Z] > [functions] package.json contents: {
  "name": "functions",
  "description": "Cloud Functions for Firebase",
  "scripts": {
    "lint": "eslint .",
    "serve": "firebase emulators:start --only functions",
    "shell": "firebase functions:shell",
    "start": "npm run shell",
    "deploy": "firebase deploy --only functions",
    "logs": "firebase functions:log"
  },
  "engines": {
    "node": "16"
  },
  "main": "index.js",
  "dependencies": {
    "bad-words": "^3.0.4",
    "firebase-admin": "^9.8.0",
    "firebase-functions": "^3.14.1"
  },
  "devDependencies": {
    "eslint": "^8.9.0",
    "eslint-config-google": "^0.14.0",
    "firebase-functions-test": "^0.2.0"
  },
  "private": true
}
[debug] [2022-04-11T19:53:45.586Z] Building nodejs source
[debug] [2022-04-11T19:53:45.586Z] Analyzing nodejs backend spec
[debug] [2022-04-11T19:53:45.853Z] [functions[us-central1-detectEvilUsers]] function ignored because the firestore emulator does not exist or is not running.
[info] i  functions: Loaded functions: detectEvilUsers 
[warn] !  functions: The following emulators are not running, calls to these services will affect production: firestore, database, pubsub, storage 
